<?xml version="1.0" encoding="UTF-8"?>
<!-- Generated by org.testng.reporters.JUnitReportReporter -->
<testsuite skipped="0" hostname="DESKTOP-RTSIONR" name="testcases.CreateLeadTestCase" tests="1" failures="0" timestamp="2021-03-27T16:52:43 IST" time="37.568" errors="0">
  <testcase name="runTestCases" time="37.568" classname="testcases.CreateLeadTestCase"/>
  <system-out/>
</testsuite> <!-- testcases.CreateLeadTestCase -->
