<?xml version="1.0" encoding="UTF-8"?>
<!-- Generated by org.testng.reporters.JUnitReportReporter -->
<testsuite skipped="0" hostname="DESKTOP-RTSIONR" name="testNG.SoftAssert" tests="1" failures="0" timestamp="2021-03-20T17:27:51 IST" time="28.012" errors="0">
  <testcase name="createLead" time="28.012" classname="testNG.SoftAssert"/>
  <system-out/>
</testsuite> <!-- testNG.SoftAssert -->
