<?xml version="1.0" encoding="UTF-8"?>
<!-- Generated by org.testng.reporters.JUnitReportReporter -->
<testsuite skipped="0" hostname="DESKTOP-RTSIONR" name="browserTesting.CrossBrowserTesting" tests="2" failures="0" timestamp="2021-03-21T13:59:16 IST" time="56.241" errors="0">
  <testcase name="CreateLead" time="16.226" classname="browserTesting.CrossBrowserTesting"/>
  <system-out/>
  <testcase name="CreateLead" time="40.015" classname="browserTesting.CrossBrowserTesting"/>
  <system-out/>
</testsuite> <!-- browserTesting.CrossBrowserTesting -->
