<?xml version="1.0" encoding="UTF-8"?>
<!-- Generated by org.testng.reporters.JUnitReportReporter -->
<testsuite skipped="0" hostname="DESKTOP-RTSIONR" name="testNG.LearnExcel" tests="1" failures="0" timestamp="2021-03-16T22:54:03 IST" time="6.233" errors="0">
  <testcase name="main" time="6.233" classname="testNG.LearnExcel"/>
  <system-out/>
</testsuite> <!-- testNG.LearnExcel -->
