<?xml version="1.0" encoding="UTF-8"?>
<!-- Generated by org.testng.reporters.JUnitReportReporter -->
<testsuite skipped="0" hostname="DESKTOP-RTSIONR" name="testNG.EditLead" tests="1" failures="0" timestamp="2021-03-14T11:46:58 IST" time="27.187" errors="0">
  <testcase name="editLead" time="27.187" classname="testNG.EditLead"/>
  <system-out/>
</testsuite> <!-- testNG.EditLead -->
