<?xml version="1.0" encoding="UTF-8"?>
<!-- Generated by org.testng.reporters.JUnitReportReporter -->
<testsuite skipped="0" hostname="DESKTOP-RTSIONR" name="testNG.MergeLead" tests="1" failures="0" timestamp="2021-03-14T11:46:58 IST" time="20.977" errors="0">
  <testcase name="runMergeLead" time="20.977" classname="testNG.MergeLead"/>
  <system-out/>
</testsuite> <!-- testNG.MergeLead -->
