<?xml version="1.0" encoding="UTF-8"?>
<!-- Generated by org.testng.reporters.JUnitReportReporter -->
<testsuite skipped="0" hostname="DESKTOP-RTSIONR" name="testNG.DuplicateLead" tests="1" failures="0" timestamp="2021-03-14T11:46:58 IST" time="23.520" errors="0">
  <testcase name="runDuplicateLead" time="23.520" classname="testNG.DuplicateLead"/>
  <system-out/>
</testsuite> <!-- testNG.DuplicateLead -->
