<?xml version="1.0" encoding="UTF-8"?>
<!-- Generated by org.testng.reporters.JUnitXMLReporter -->
<testsuite hostname="DESKTOP-RTSIONR" ignored="1" name="Test-seq" tests="6" failures="0" timestamp="2021-03-14T11:46:58 IST" time="146.612" errors="0">
  <testcase name="runCreateLead" time="9.907" classname="testNG.CreateLead"/>
  <testcase name="runCreateLead" time="9.144" classname="testNG.CreateLead"/>
  <testcase name="runCreateLead" time="10.296" classname="testNG.CreateLead"/>
  <testcase name="runMergeLead" time="12.069" classname="testNG.MergeLead"/>
  <testcase name="runDuplicateLead" time="13.764" classname="testNG.DuplicateLead"/>
  <testcase name="editLead" time="13.244" classname="testNG.EditLead"/>
  <testcase name="runDeleteLead" time="0.0" classname="testNG.DeleteLead">
    <ignored/>
  </testcase> <!-- runDeleteLead -->
</testsuite> <!-- Test-seq -->
