<?xml version="1.0" encoding="UTF-8"?>
<!-- Generated by org.testng.reporters.JUnitReportReporter -->
<testsuite skipped="0" hostname="DESKTOP-RTSIONR" name="com.leafBot.testcases.TC001_LoginLogOut" tests="3" failures="0" timestamp="03 Apr 2021 13:18:23 GMT" time="48.048" errors="0">
  <testcase name="createLeaf" time="23.920" classname="com.leafBot.testcases.TC001_LoginLogOut"/>
  <testcase name="createLeaf" time="11.821" classname="com.leafBot.testcases.TC001_LoginLogOut"/>
  <testcase name="createLeaf" time="12.307" classname="com.leafBot.testcases.TC001_LoginLogOut"/>
</testsuite> <!-- com.leafBot.testcases.TC001_LoginLogOut -->
